Arguments: 
  C:\Program Files\nodejs\node.exe C:\Users\HanielD\AppData\Roaming\npm\node_modules\yarn\bin\yarn.js add Bootstrap

PATH: 
  C:\Program Files\Git\mingw64\bin;C:\Program Files\Git\usr\bin;C:\Users\HanielD\bin;C:\Program Files\Common Files\Oracle\Java\javapath;C:\Windows\system32;C:\Windows;C:\Windows\System32\Wbem;C:\Windows\System32\WindowsPowerShell\v1.0;C:\Windows\System32\OpenSSH;C:\Program Files\Git\cmd;C:\xampp\php;C:\ProgramData\ComposerSetup\bin;C:\Program Files\PuTTY;C:\Program Files\Microsoft SQL Server\130\Tools\Binn;C:\Program Files\Microsoft SQL Server\Client SDK\ODBC\170\Tools\Binn;C:\Program Files (x86)\NVIDIA Corporation\PhysX\Common;C:\ProgramData\chocolatey\bin;C:\flutter\bin;C:\Program Files\dotnet;C:\WINDOWS\system32;C:\WINDOWS;C:\WINDOWS\System32\Wbem;C:\WINDOWS\System32\WindowsPowerShell\v1.0;C:\WINDOWS\System32\OpenSSH;C:\Program Files (x86)\Intel\Intel(R) Management Engine Components\DAL;C:\Program Files\Intel\Intel(R) Management Engine Components\DAL;C:\Users\HanielD\AppData\Local\Programs\Python\Python39\Scripts;C:\Users\HanielD\AppData\Local\Programs\Python\Py;C:\Program Files\Go\bin;C:\Program Files\nodejs;C:\Program Files\Docker\Docker\resources\bin;C:\ProgramData\DockerDesktop\version-bin;C:\Users\HanielD\AppData\Local\Programs\Python\Python39\Scripts;C:\Users\HanielD\AppData\Local\Programs\Python\Python39;C:\Users\HanielD\AppData\Local\Microsoft\WindowsApps;C:\Users\HanielD\AppData\Local\Programs\Microsoft VS Code\bin;C:\Users\HanielD\AppData\Roaming\Composer\vendor\bin;C:\mongo-shell\bin;C:\Program Files\Java\jdk-15.0.1\bin;C:\flutter\bin;C:\Users\HanielD\.dotnet\tools;C:\Users\HanielD\go\bin;C:\Users\HanielD\AppData\Local\GitHubDesktop\bin;C:\Users\HanielD\AppData\Roaming\npm

Yarn version: 
  1.22.10

Node version: 
  14.17.5

Platform: 
  win32 x64

Trace: 
  Error: https://registry.yarnpkg.com/Bootstrap: Not found
      at Request.params.callback [as _callback] (C:\Users\HanielD\AppData\Roaming\npm\node_modules\yarn\lib\cli.js:66988:18)
      at Request.self.callback (C:\Users\HanielD\AppData\Roaming\npm\node_modules\yarn\lib\cli.js:140662:22)
      at Request.emit (events.js:400:28)
      at Request.<anonymous> (C:\Users\HanielD\AppData\Roaming\npm\node_modules\yarn\lib\cli.js:141634:10)
      at Request.emit (events.js:400:28)
      at IncomingMessage.<anonymous> (C:\Users\HanielD\AppData\Roaming\npm\node_modules\yarn\lib\cli.js:141556:12)
      at Object.onceWrapper (events.js:519:28)
      at IncomingMessage.emit (events.js:412:35)
      at endReadableNT (internal/streams/readable.js:1317:12)
      at processTicksAndRejections (internal/process/task_queues.js:82:21)

npm manifest: 
  {
    "name": "barath",
    "version": "1.0.0",
    "description": "",
    "main": "index.js",
    "scripts": {
      "test": "echo \"Error: no test specified\" && exit 1"
    },
    "keywords": [],
    "author": "",
    "license": "ISC"
  }

yarn manifest: 
  No manifest

Lockfile: 
  No lockfile
